0 info it worked if it ends with ok
1 verbose cli [ '/usr/local/Cellar/node/6.3.1/bin/node',
1 verbose cli   '/usr/local/bin/npm',
1 verbose cli   'stop' ]
2 info using npm@3.10.3
3 info using node@v6.3.1
4 verbose run-script [ 'prestop', 'stop', 'poststop' ]
5 info lifecycle express-riot@0.0.0~prestop: express-riot@0.0.0
6 silly lifecycle express-riot@0.0.0~prestop: no script for prestop, continuing
7 info lifecycle express-riot@0.0.0~stop: express-riot@0.0.0
8 verbose lifecycle express-riot@0.0.0~stop: unsafe-perm in lifecycle true
9 verbose lifecycle express-riot@0.0.0~stop: PATH: /usr/local/lib/node_modules/npm/bin/node-gyp-bin:/Users/atsuo/Documents/lab/express-riot/node_modules/.bin:/usr/local/Cellar/node/6.3.1/bin:/usr/local/bin:/usr/bin:/bin:/usr/sbin:/sbin:/opt/X11/bin:/usr/local/git/bin
10 verbose lifecycle express-riot@0.0.0~stop: CWD: /Users/atsuo/Documents/lab/express-riot
11 silly lifecycle express-riot@0.0.0~stop: Args: [ '-c', 'forever stop bin/www.js' ]
12 silly lifecycle express-riot@0.0.0~stop: Returned: code: 1  signal: null
13 info lifecycle express-riot@0.0.0~stop: Failed to exec stop script
14 verbose stack Error: express-riot@0.0.0 stop: `forever stop bin/www.js`
14 verbose stack Exit status 1
14 verbose stack     at EventEmitter.<anonymous> (/usr/local/lib/node_modules/npm/lib/utils/lifecycle.js:242:16)
14 verbose stack     at emitTwo (events.js:106:13)
14 verbose stack     at EventEmitter.emit (events.js:191:7)
14 verbose stack     at ChildProcess.<anonymous> (/usr/local/lib/node_modules/npm/lib/utils/spawn.js:40:14)
14 verbose stack     at emitTwo (events.js:106:13)
14 verbose stack     at ChildProcess.emit (events.js:191:7)
14 verbose stack     at maybeClose (internal/child_process.js:852:16)
14 verbose stack     at Process.ChildProcess._handle.onexit (internal/child_process.js:215:5)
15 verbose pkgid express-riot@0.0.0
16 verbose cwd /Users/atsuo/Documents/lab/express-riot
17 error Darwin 15.6.0
18 error argv "/usr/local/Cellar/node/6.3.1/bin/node" "/usr/local/bin/npm" "stop"
19 error node v6.3.1
20 error npm  v3.10.3
21 error code ELIFECYCLE
22 error express-riot@0.0.0 stop: `forever stop bin/www.js`
22 error Exit status 1
23 error Failed at the express-riot@0.0.0 stop script 'forever stop bin/www.js'.
23 error Make sure you have the latest version of node.js and npm installed.
23 error If you do, this is most likely a problem with the express-riot package,
23 error not with npm itself.
23 error Tell the author that this fails on your system:
23 error     forever stop bin/www.js
23 error You can get information on how to open an issue for this project with:
23 error     npm bugs express-riot
23 error Or if that isn't available, you can get their info via:
23 error     npm owner ls express-riot
23 error There is likely additional logging output above.
24 verbose exit [ 1, true ]
